# JRE version: OpenJDK Runtime Environment (8.0_76-b03) (build 1.8.0_76-release-b03)
# Java VM: OpenJDK 64-Bit Server VM (25.76-b03 mixed mode windows-amd64 compressed oops)
Heap:
 PSYoungGen      total 321024K, used 297083K [0x00000000e0000000, 0x00000000f5180000, 0x0000000100000000)
  eden space 298496K, 99% used [0x00000000e0000000,0x00000000f221ef80,0x00000000f2380000)
  from space 22528K, 0% used [0x00000000f2380000,0x00000000f2380000,0x00000000f3980000)
  to   space 20992K, 0% used [0x00000000f3980000,0x00000000f3980000,0x00000000f4e00000)
 ParOldGen       total 71680K, used 71664K [0x00000000a0000000, 0x00000000a4600000, 0x00000000e0000000)
  object space 71680K, 99% used [0x00000000a0000000,0x00000000a45fc330,0x00000000a4600000)
 Metaspace       used 66275K, capacity 68868K, committed 69168K, reserved 1110016K
  class space    used 8601K, capacity 9167K, committed 9264K, reserved 1048576K
GC Heap History (10 events):
Event: 821.321 GC heap before
{Heap before GC invocations=19 (full 5):
 PSYoungGen      total 215040K, used 194560K [0x00000000e0000000, 0x00000000f4e00000, 0x0000000100000000)
  eden space 194560K, 100% used [0x00000000e0000000,0x00000000ebe00000,0x00000000ebe00000)
  from space 20480K, 0% used [0x00000000ebe00000,0x00000000ebe00000,0x00000000ed200000)
  to   space 20992K, 0% used [0x00000000f3980000,0x00000000f3980000,0x00000000f4e00000)
 ParOldGen       total 71680K, used 47632K [0x00000000a0000000, 0x00000000a4600000, 0x00000000e0000000)
  object space 71680K, 66% used [0x00000000a0000000,0x00000000a2e84358,0x00000000a4600000)
 Metaspace       used 65240K, capacity 67890K, committed 68144K, reserved 1107968K
  class space    used 8560K, capacity 9138K, committed 9264K, reserved 1048576K
Event: 821.350 GC heap after
Heap after GC invocations=19 (full 5):
 PSYoungGen      total 319488K, used 16253K [0x00000000e0000000, 0x00000000f5180000, 0x0000000100000000)
  eden space 298496K, 0% used [0x00000000e0000000,0x00000000e0000000,0x00000000f2380000)
  from space 20992K, 77% used [0x00000000f3980000,0x00000000f495f548,0x00000000f4e00000)
  to   space 22528K, 0% used [0x00000000f2380000,0x00000000f2380000,0x00000000f3980000)
 ParOldGen       total 71680K, used 47640K [0x00000000a0000000, 0x00000000a4600000, 0x00000000e0000000)
  object space 71680K, 66% used [0x00000000a0000000,0x00000000a2e86358,0x00000000a4600000)
 Metaspace       used 65240K, capacity 67890K, committed 68144K, reserved 1107968K
  class space    used 8560K, capacity 9138K, committed 9264K, reserved 1048576K
}
Event: 823.856 GC heap before
{Heap before GC invocations=20 (full 5):
 PSYoungGen      total 319488K, used 314749K [0x00000000e0000000, 0x00000000f5180000, 0x0000000100000000)
  eden space 298496K, 100% used [0x00000000e0000000,0x00000000f2380000,0x00000000f2380000)
  from space 20992K, 77% used [0x00000000f3980000,0x00000000f495f548,0x00000000f4e00000)
  to   space 22528K, 0% used [0x00000000f2380000,0x00000000f2380000,0x00000000f3980000)
 ParOldGen       total 71680K, used 47640K [0x00000000a0000000, 0x00000000a4600000, 0x00000000e0000000)
  object space 71680K, 66% used [0x00000000a0000000,0x00000000a2e86358,0x00000000a4600000)
 Metaspace       used 66115K, capacity 68754K, committed 68912K, reserved 1110016K
  class space    used 8601K, capacity 9170K, committed 9264K, reserved 1048576K
Event: 824.371 GC heap after
Heap after GC invocations=20 (full 5):
 PSYoungGen      total 321024K, used 22515K [0x00000000e0000000, 0x00000000f5180000, 0x0000000100000000)
  eden space 298496K, 0% used [0x00000000e0000000,0x00000000e0000000,0x00000000f2380000)
  from space 22528K, 99% used [0x00000000f2380000,0x00000000f397ced8,0x00000000f3980000)
  to   space 20992K, 0% used [0x00000000f3980000,0x00000000f3980000,0x00000000f4e00000)
 ParOldGen       total 71680K, used 65445K [0x00000000a0000000, 0x00000000a4600000, 0x00000000e0000000)
  object space 71680K, 91% used [0x00000000a0000000,0x00000000a3fe9708,0x00000000a4600000)
 Metaspace       used 66115K, capacity 68754K, committed 68912K, reserved 1110016K
  class space    used 8601K, capacity 9170K, committed 9264K, reserved 1048576K
}
Event: 824.371 GC heap before
{Heap before GC invocations=21 (full 6):
 PSYoungGen      total 321024K, used 22515K [0x00000000e0000000, 0x00000000f5180000, 0x0000000100000000)
  eden space 298496K, 0% used [0x00000000e0000000,0x00000000e0000000,0x00000000f2380000)
  from space 22528K, 99% used [0x00000000f2380000,0x00000000f397ced8,0x00000000f3980000)
  to   space 20992K, 0% used [0x00000000f3980000,0x00000000f3980000,0x00000000f4e00000)
 ParOldGen       total 71680K, used 65445K [0x00000000a0000000, 0x00000000a4600000, 0x00000000e0000000)
  object space 71680K, 91% used [0x00000000a0000000,0x00000000a3fe9708,0x00000000a4600000)
 Metaspace       used 66115K, capacity 68754K, committed 68912K, reserved 1110016K
  class space    used 8601K, capacity 9170K, committed 9264K, reserved 1048576K
Event: 825.307 GC heap after
Heap after GC invocations=21 (full 6):
 PSYoungGen      total 321024K, used 15822K [0x00000000e0000000, 0x00000000f5180000, 0x0000000100000000)
  eden space 298496K, 0% used [0x00000000e0000000,0x00000000e0000000,0x00000000f2380000)
  from space 22528K, 70% used [0x00000000f2380000,0x00000000f32f3b20,0x00000000f3980000)
  to   space 20992K, 0% used [0x00000000f3980000,0x00000000f3980000,0x00000000f4e00000)
 ParOldGen       total 71680K, used 71301K [0x00000000a0000000, 0x00000000a4600000, 0x00000000e0000000)
  object space 71680K, 99% used [0x00000000a0000000,0x00000000a45a1538,0x00000000a4600000)
 Metaspace       used 66110K, capacity 68740K, committed 68912K, reserved 1110016K
  class space    used 8599K, capacity 9167K, committed 9264K, reserved 1048576K
}
Event: 827.519 GC heap before
{Heap before GC invocations=22 (full 7):
 PSYoungGen      total 321024K, used 314318K [0x00000000e0000000, 0x00000000f5180000, 0x0000000100000000)
  eden space 298496K, 100% used [0x00000000e0000000,0x00000000f2380000,0x00000000f2380000)
  from space 22528K, 70% used [0x00000000f2380000,0x00000000f32f3b20,0x00000000f3980000)
  to   space 20992K, 0% used [0x00000000f3980000,0x00000000f3980000,0x00000000f4e00000)
 ParOldGen       total 71680K, used 71301K [0x00000000a0000000, 0x00000000a4600000, 0x00000000e0000000)
  object space 71680K, 99% used [0x00000000a0000000,0x00000000a45a1538,0x00000000a4600000)
 Metaspace       used 66238K, capacity 68868K, committed 69168K, reserved 1110016K
  class space    used 8600K, capacity 9167K, committed 9264K, reserved 1048576K
Event: 828.064 GC heap after
Heap after GC invocations=22 (full 7):
 PSYoungGen      total 321024K, used 5421K [0x00000000e0000000, 0x00000000f5180000, 0x0000000100000000)
  eden space 298496K, 1% used [0x00000000e0000000,0x00000000e054b6b8,0x00000000f2380000)
  from space 22528K, 0% used [0x00000000f2380000,0x00000000f2380000,0x00000000f3980000)
  to   space 20992K, 0% used [0x00000000f3980000,0x00000000f3980000,0x00000000f4e00000)
 ParOldGen       total 71680K, used 71629K [0x00000000a0000000, 0x00000000a4600000, 0x00000000e0000000)
  object space 71680K, 99% used [0x00000000a0000000,0x00000000a45f34b0,0x00000000a4600000)
 Metaspace       used 66238K, capacity 68868K, committed 69168K, reserved 1110016K
  class space    used 8600K, capacity 9167K, committed 9264K, reserved 1048576K
}
Event: 830.051 GC heap before
{Heap before GC invocations=23 (full 8):
 PSYoungGen      total 321024K, used 298496K [0x00000000e0000000, 0x00000000f5180000, 0x0000000100000000)
  eden space 298496K, 100% used [0x00000000e0000000,0x00000000f2380000,0x00000000f2380000)
  from space 22528K, 0% used [0x00000000f2380000,0x00000000f2380000,0x00000000f3980000)
  to   space 20992K, 0% used [0x00000000f3980000,0x00000000f3980000,0x00000000f4e00000)
 ParOldGen       total 71680K, used 71629K [0x00000000a0000000, 0x00000000a4600000, 0x00000000e0000000)
  object space 71680K, 99% used [0x00000000a0000000,0x00000000a45f34b0,0x00000000a4600000)
 Metaspace       used 66256K, capacity 68868K, committed 69168K, reserved 1110016K
  class space    used 8600K, capacity 9167K, committed 9264K, reserved 1048576K
Event: 830.825 GC heap after
Heap after GC invocations=23 (full 8):
 PSYoungGen      total 321024K, used 20371K [0x00000000e0000000, 0x00000000f5180000, 0x0000000100000000)
  eden space 298496K, 6% used [0x00000000e0000000,0x00000000e13e4e50,0x00000000f2380000)
  from space 22528K, 0% used [0x00000000f2380000,0x00000000f2380000,0x00000000f3980000)
  to   space 20992K, 0% used [0x00000000f3980000,0x00000000f3980000,0x00000000f4e00000)
 ParOldGen       total 71680K, used 71664K [0x00000000a0000000, 0x00000000a4600000, 0x00000000e0000000)
  object space 71680K, 99% used [0x00000000a0000000,0x00000000a45fc330,0x00000000a4600000)
 Metaspace       used 66256K, capacity 68868K, committed 69168K, reserved 1110016K
  class space    used 8600K, capacity 9167K, committed 9264K, reserved 1048576K
}

